2016-02-15 13:08:11 [127.0.0.1][-][-][error][yii\web\HttpException:404] exception 'yii\base\InvalidRouteException' with message 'Unable to resolve the request "ajax/login".' in D:\software\wamp\www\GP\vendor\yiisoft\yii2\base\Module.php:461
Stack trace:
#0 D:\software\wamp\www\GP\vendor\yiisoft\yii2\web\Application.php(84): yii\base\Module->runAction('ajax/login', Array)
#1 D:\software\wamp\www\GP\vendor\yiisoft\yii2\base\Application.php(375): yii\web\Application->handleRequest(Object(yii\web\Request))
#2 D:\software\wamp\www\GP\web\index.php(12): yii\base\Application->run()
#3 {main}

Next exception 'yii\web\NotFoundHttpException' with message 'Page not found.' in D:\software\wamp\www\GP\vendor\yiisoft\yii2\web\Application.php:96
Stack trace:
#0 D:\software\wamp\www\GP\vendor\yiisoft\yii2\base\Application.php(375): yii\web\Application->handleRequest(Object(yii\web\Request))
#1 D:\software\wamp\www\GP\web\index.php(12): yii\base\Application->run()
#2 {main}
2016-02-15 13:08:11 [127.0.0.1][-][-][info][application] $_COOKIE = [
    '_csrf' => '856f94411100f769ed912ef4b9d0c3d315c37652654d28e7589b00088eb31032a:2:{i:0;s:5:\"_csrf\";i:1;s:32:\"qU8eCGBDPdP7oEGNh4iUhh9DwKJHOimW\";}'
    'PHPSESSID' => 'tutufeq7fumuhongabuuqj7nl6'
]

$_SERVER = [
    'REDIRECT_STATUS' => '200'
    'HTTP_HOST' => '127.0.0.1'
    'HTTP_CONNECTION' => 'keep-alive'
    'CONTENT_LENGTH' => '0'
    'HTTP_CACHE_CONTROL' => 'max-age=0'
    'HTTP_ACCEPT' => 'text/html,application/xhtml+xml,application/xml;q=0.9,image/webp,*/*;q=0.8'
    'HTTP_ORIGIN' => 'http://127.0.0.1'
    'HTTP_UPGRADE_INSECURE_REQUESTS' => '1'
    'HTTP_USER_AGENT' => 'Mozilla/5.0 (Windows NT 6.1; WOW64) AppleWebKit/537.36 (KHTML, like Gecko) Chrome/45.0.2454.101 Safari/537.36'
    'CONTENT_TYPE' => 'application/x-www-form-urlencoded'
    'HTTP_REFERER' => 'http://127.0.0.1/GP/web/user/login2'
    'HTTP_ACCEPT_ENCODING' => 'gzip, deflate'
    'HTTP_ACCEPT_LANGUAGE' => 'zh-CN,zh;q=0.8'
    'HTTP_COOKIE' => '_csrf=856f94411100f769ed912ef4b9d0c3d315c37652654d28e7589b00088eb31032a%3A2%3A%7Bi%3A0%3Bs%3A5%3A%22_csrf%22%3Bi%3A1%3Bs%3A32%3A%22qU8eCGBDPdP7oEGNh4iUhh9DwKJHOimW%22%3B%7D; PHPSESSID=tutufeq7fumuhongabuuqj7nl6'
    'PATH' => 'C:\\Windows\\system32;C:\\Windows;C:\\Windows\\System32\\Wbem;C:\\Windows\\System32\\WindowsPowerShell\\v1.0\\;D:\\software\\wamp\\bin\\php\\php5.5.12;C:\\ProgramData\\ComposerSetup\\bin;'
    'SystemRoot' => 'C:\\Windows'
    'COMSPEC' => 'C:\\Windows\\system32\\cmd.exe'
    'PATHEXT' => '.COM;.EXE;.BAT;.CMD;.VBS;.VBE;.JS;.JSE;.WSF;.WSH;.MSC'
    'WINDIR' => 'C:\\Windows'
    'SERVER_SIGNATURE' => '<address>Apache/2.4.9 (Win64) PHP/5.5.12 Server at 127.0.0.1 Port 80</address>
'
    'SERVER_SOFTWARE' => 'Apache/2.4.9 (Win64) PHP/5.5.12'
    'SERVER_NAME' => '127.0.0.1'
    'SERVER_ADDR' => '127.0.0.1'
    'SERVER_PORT' => '80'
    'REMOTE_ADDR' => '127.0.0.1'
    'DOCUMENT_ROOT' => 'D:/software/wamp/www/'
    'REQUEST_SCHEME' => 'http'
    'CONTEXT_PREFIX' => ''
    'CONTEXT_DOCUMENT_ROOT' => 'D:/software/wamp/www/'
    'SERVER_ADMIN' => 'admin@example.com'
    'SCRIPT_FILENAME' => 'D:/software/wamp/www/GP/web/index.php'
    'REMOTE_PORT' => '54447'
    'REDIRECT_URL' => '/GP/web/ajax/login'
    'GATEWAY_INTERFACE' => 'CGI/1.1'
    'SERVER_PROTOCOL' => 'HTTP/1.1'
    'REQUEST_METHOD' => 'POST'
    'QUERY_STRING' => ''
    'REQUEST_URI' => '/GP/web/ajax/login'
    'SCRIPT_NAME' => '/GP/web/index.php'
    'PHP_SELF' => '/GP/web/index.php'
    'REQUEST_TIME_FLOAT' => 1455538091.5
    'REQUEST_TIME' => 1455538091
]
